<?xml version="1.0" encoding="UTF-8"?>
<testng-results ignored="0" total="2" passed="2" failed="0" skipped="0">
  <reporter-output>
  </reporter-output>
  <suite started-at="2025-07-15T09:19:41 IST" name="Suite" finished-at="2025-07-15T09:19:56 IST" duration-ms="14692">
    <groups>
      <group name="Master">
        <method signature="TC001_AccountRegistrationTest.verify_account_registrationTest()[pri:0, instance:testCases.TC001_AccountRegistrationTest@1a9c38eb]" name="verify_account_registrationTest" class="testCases.TC001_AccountRegistrationTest"/>
        <method signature="TC002_LoginTest.verify_loginTest()[pri:0, instance:testCases.TC002_LoginTest@544820b7]" name="verify_loginTest" class="testCases.TC002_LoginTest"/>
      </group> <!-- Master -->
      <group name="Sanity">
        <method signature="TC001_AccountRegistrationTest.verify_account_registrationTest()[pri:0, instance:testCases.TC001_AccountRegistrationTest@1a9c38eb]" name="verify_account_registrationTest" class="testCases.TC001_AccountRegistrationTest"/>
        <method signature="TC002_LoginTest.verify_loginTest()[pri:0, instance:testCases.TC002_LoginTest@544820b7]" name="verify_loginTest" class="testCases.TC002_LoginTest"/>
      </group> <!-- Sanity -->
      <group name="Regression">
        <method signature="TC001_AccountRegistrationTest.verify_account_registrationTest()[pri:0, instance:testCases.TC001_AccountRegistrationTest@1a9c38eb]" name="verify_account_registrationTest" class="testCases.TC001_AccountRegistrationTest"/>
        <method signature="TC002_LoginTest.verify_loginTest()[pri:0, instance:testCases.TC002_LoginTest@544820b7]" name="verify_loginTest" class="testCases.TC002_LoginTest"/>
      </group> <!-- Regression -->
    </groups>
    <test started-at="2025-07-15T09:19:41 IST" name="Test" finished-at="2025-07-15T09:19:56 IST" duration-ms="14692">
      <class name="testCases.TC002_LoginTest">
        <test-method is-config="true" signature="setUp(java.lang.String,java.lang.String)[pri:0, instance:testCases.TC002_LoginTest@544820b7]" started-at="2025-07-15T09:19:49 IST" name="setUp" finished-at="2025-07-15T09:19:53 IST" duration-ms="3573" status="PASS">
          <params>
            <param index="0">
              <value>
                <![CDATA[Linux]]>
              </value>
            </param>
            <param index="1">
              <value>
                <![CDATA[firefox]]>
              </value>
            </param>
          </params>
          <reporter-output>
          </reporter-output>
        </test-method> <!-- setUp -->
        <test-method signature="verify_loginTest()[pri:0, instance:testCases.TC002_LoginTest@544820b7]" started-at="2025-07-15T09:19:53 IST" name="verify_loginTest" finished-at="2025-07-15T09:19:55 IST" duration-ms="1691" status="PASS">
          <reporter-output>
          </reporter-output>
        </test-method> <!-- verify_loginTest -->
        <test-method is-config="true" signature="tearDown()[pri:0, instance:testCases.TC002_LoginTest@544820b7]" started-at="2025-07-15T09:19:55 IST" name="tearDown" finished-at="2025-07-15T09:19:56 IST" duration-ms="864" status="PASS">
          <reporter-output>
          </reporter-output>
        </test-method> <!-- tearDown -->
      </class> <!-- testCases.TC002_LoginTest -->
      <class name="testCases.TC001_AccountRegistrationTest">
        <test-method is-config="true" signature="setUp(java.lang.String,java.lang.String)[pri:0, instance:testCases.TC001_AccountRegistrationTest@1a9c38eb]" started-at="2025-07-15T09:19:41 IST" name="setUp" finished-at="2025-07-15T09:19:46 IST" duration-ms="5299" status="PASS">
          <params>
            <param index="0">
              <value>
                <![CDATA[Linux]]>
              </value>
            </param>
            <param index="1">
              <value>
                <![CDATA[firefox]]>
              </value>
            </param>
          </params>
          <reporter-output>
          </reporter-output>
        </test-method> <!-- setUp -->
        <test-method signature="verify_account_registrationTest()[pri:0, instance:testCases.TC001_AccountRegistrationTest@1a9c38eb]" started-at="2025-07-15T09:19:46 IST" name="verify_account_registrationTest" finished-at="2025-07-15T09:19:49 IST" duration-ms="2164" status="PASS">
          <reporter-output>
          </reporter-output>
        </test-method> <!-- verify_account_registrationTest -->
        <test-method is-config="true" signature="tearDown()[pri:0, instance:testCases.TC001_AccountRegistrationTest@1a9c38eb]" started-at="2025-07-15T09:19:49 IST" name="tearDown" finished-at="2025-07-15T09:19:49 IST" duration-ms="877" status="PASS">
          <reporter-output>
          </reporter-output>
        </test-method> <!-- tearDown -->
      </class> <!-- testCases.TC001_AccountRegistrationTest -->
    </test> <!-- Test -->
  </suite> <!-- Suite -->
</testng-results>
